Testsuite: gtunes.AlbumControllerTests
Tests run: 8, Failures: 5, Errors: 0, Time elapsed: 2.834 sec
------------- Standard Output ---------------
--Output from testIndex--
--Output from testList--
--Output from testCreate--
--Output from testSave--
--Output from testShow--
--Output from testEdit--
--Output from testUpdate--
--Output from testDelete--
------------- ---------------- ---------------
------------- Standard Error -----------------
--Output from testIndex--
--Output from testList--
--Output from testCreate--
--Output from testSave--
--Output from testShow--
--Output from testEdit--
--Output from testUpdate--
--Output from testDelete--
------------- ---------------- ---------------

Testcase: testIndex took 1.434 sec
Testcase: testList took 0.535 sec
Testcase: testCreate took 0.135 sec
Testcase: testSave took 0.198 sec
	FAILED
Assertion failed: 

assert response.redirectedUrl == '/album/show/1'
       |        |             |
       |        null          false
       org.codehaus.groovy.grails.plugins.testing.GrailsMockHttpServletResponse@6ad5d980

junit.framework.AssertionFailedError: Assertion failed: 

assert response.redirectedUrl == '/album/show/1'
       |        |             |
       |        null          false
       org.codehaus.groovy.grails.plugins.testing.GrailsMockHttpServletResponse@6ad5d980

	at gtunes.AlbumControllerTests.testSave(AlbumControllerTests.groovy:48)

Testcase: testShow took 0.203 sec
	FAILED
Assertion failed: 

assert album.save() != null
       |     |      |
       |     null   false
       gtunes.Album : (unsaved)

junit.framework.AssertionFailedError: Assertion failed: 

assert album.save() != null
       |     |      |
       |     null   false
       gtunes.Album : (unsaved)

	at gtunes.AlbumControllerTests.testShow(AlbumControllerTests.groovy:62)

Testcase: testEdit took 0.083 sec
	FAILED
Assertion failed: 

assert album.save() != null
       |     |      |
       |     null   false
       gtunes.Album : (unsaved)

junit.framework.AssertionFailedError: Assertion failed: 

assert album.save() != null
       |     |      |
       |     null   false
       gtunes.Album : (unsaved)

	at gtunes.AlbumControllerTests.testEdit(AlbumControllerTests.groovy:80)

Testcase: testUpdate took 0.078 sec
	FAILED
Assertion failed: 

assert album.save() != null
       |     |      |
       |     null   false
       gtunes.Album : (unsaved)

junit.framework.AssertionFailedError: Assertion failed: 

assert album.save() != null
       |     |      |
       |     null   false
       gtunes.Album : (unsaved)

	at gtunes.AlbumControllerTests.testUpdate(AlbumControllerTests.groovy:100)

Testcase: testDelete took 0.09 sec
	FAILED
Assertion failed: 

assert album.save() != null
       |     |      |
       |     null   false
       gtunes.Album : (unsaved)

junit.framework.AssertionFailedError: Assertion failed: 

assert album.save() != null
       |     |      |
       |     null   false
       gtunes.Album : (unsaved)

	at gtunes.AlbumControllerTests.testDelete(AlbumControllerTests.groovy:144)

